\BOOKMARK [0][-]{chapter.1}{Introduction}{}% 1
\BOOKMARK [0][-]{chapter.2}{Motivation}{}% 2
\BOOKMARK [0][-]{chapter.3}{Overview}{}% 3
\BOOKMARK [1][-]{section.3.1}{Neural networks}{chapter.3}% 4
\BOOKMARK [2][-]{subsection.3.1.1}{Image processing using deep learning}{section.3.1}% 5
\BOOKMARK [2][-]{subsection.3.1.2}{3D pose estimation}{section.3.1}% 6
\BOOKMARK [0][-]{chapter.4}{Related work}{}% 7
\BOOKMARK [1][-]{section.4.1}{Two-dimensional input data}{chapter.4}% 8
\BOOKMARK [1][-]{section.4.2}{Three-dimensional input data}{chapter.4}% 9
\BOOKMARK [0][-]{chapter.5}{Proposed implementation}{}% 10
\BOOKMARK [1][-]{section.5.1}{Technologies}{chapter.5}% 11
\BOOKMARK [1][-]{section.5.2}{Benchmark datasets}{chapter.5}% 12
\BOOKMARK [2][-]{subsection.5.2.1}{ITOP}{section.5.2}% 13
\BOOKMARK [2][-]{subsection.5.2.2}{UBC3V}{section.5.2}% 14
\BOOKMARK [2][-]{subsection.5.2.3}{MHAD}{section.5.2}% 15
\BOOKMARK [2][-]{subsection.5.2.4}{CMU Panoptic Dataset}{section.5.2}% 16
\BOOKMARK [1][-]{section.5.3}{Approaches}{chapter.5}% 17
\BOOKMARK [2][-]{subsection.5.3.1}{Deep Depth Pose model}{section.5.3}% 18
\BOOKMARK [2][-]{subsection.5.3.2}{Point-Based Pose Estimation model}{section.5.3}% 19
\BOOKMARK [2][-]{subsection.5.3.3}{Four-channel Pose Estimation}{section.5.3}% 20
\BOOKMARK [0][-]{chapter.6}{Implementation}{}% 21
\BOOKMARK [1][-]{section.6.1}{Deep Depth Pose model}{chapter.6}% 22
\BOOKMARK [2][-]{subsection.6.1.1}{Model structure}{section.6.1}% 23
\BOOKMARK [2][-]{subsection.6.1.2}{Loss function}{section.6.1}% 24
\BOOKMARK [2][-]{subsection.6.1.3}{Initialization}{section.6.1}% 25
\BOOKMARK [2][-]{subsection.6.1.4}{Data pre-processing}{section.6.1}% 26
\BOOKMARK [2][-]{subsection.6.1.5}{Modifications}{section.6.1}% 27
\BOOKMARK [1][-]{section.6.2}{Point-Based Pose Estimation model}{chapter.6}% 28
\BOOKMARK [2][-]{subsection.6.2.1}{Model structure}{section.6.2}% 29
\BOOKMARK [2][-]{subsection.6.2.2}{Data pre-processing}{section.6.2}% 30
\BOOKMARK [1][-]{section.6.3}{Four-channel Pose Estimation}{chapter.6}% 31
\BOOKMARK [0][-]{chapter.7}{Results}{}% 32
\BOOKMARK [0][-]{chapter.8}{Conclusion}{}% 33
